<?xml version="1.0" encoding="utf-8"?><testsuites name="pytest tests"><testsuite name="pytest" errors="0" failures="0" skipped="0" tests="18" time="5.838" timestamp="2026-07-07T21:44:34.486942+00:00" hostname="agent-env-150aff89-6077-4960-8ea9-3c27957d1ec8"><testcase classname="tests.backend_test" name="test_root" time="0.436" /><testcase classname="tests.backend_test" name="test_portfolio_aarav_has_etf_insurance_no_reit" time="0.065" /><testcase classname="tests.backend_test" name="test_portfolio_meera_has_reit_invit_etf_insurance" time="0.069" /><testcase classname="tests.backend_test" name="test_portfolio_invalid_404" time="0.065" /><testcase classname="tests.backend_test" name="test_ideal_ranges" time="0.083" /><testcase classname="tests.backend_test" name="test_instruments_list" time="0.066" /><testcase classname="tests.backend_test" name="test_instrument_detail[reliance]" time="0.065" /><testcase classname="tests.backend_test" name="test_instrument_detail[ppfcf]" time="0.062" /><testcase classname="tests.backend_test" name="test_instrument_detail[hdfcbond]" time="0.051" /><testcase classname="tests.backend_test" name="test_instrument_404" time="0.071" /><testcase classname="tests.backend_test" name="test_stress_tests" time="0.057" /><testcase classname="tests.backend_test" name="test_insights[aarav]" time="0.060" /><testcase classname="tests.backend_test" name="test_insights[meera]" time="0.056" /><testcase classname="tests.backend_test" name="test_preferences_post_get" time="0.130" /><testcase classname="tests.backend_test" name="test_simulations_post_get_and_clear" time="0.277" /><testcase classname="tests.backend_test" name="test_simulations_empty_default_for_new_profile" time="0.063" /><testcase classname="tests.backend_test" name="test_og_image_returns_png" time="0.171" /><testcase classname="tests.backend_test" name="test_share_page_has_og_meta" time="0.133" /></testsuite></testsuites>