<?xml version="1.0" encoding="utf-8"?><testsuites name="pytest tests"><testsuite name="pytest" errors="0" failures="0" skipped="0" tests="18" time="3.495" timestamp="2026-07-07T21:29:10.825491+00:00" hostname="agent-env-150aff89-6077-4960-8ea9-3c27957d1ec8"><testcase classname="tests.backend_test" name="test_root" time="0.267" /><testcase classname="tests.backend_test" name="test_portfolio_aarav_has_etf_insurance_no_reit" time="0.060" /><testcase classname="tests.backend_test" name="test_portfolio_meera_has_reit_invit_etf_insurance" time="0.053" /><testcase classname="tests.backend_test" name="test_portfolio_invalid_404" time="0.053" /><testcase classname="tests.backend_test" name="test_ideal_ranges" time="0.051" /><testcase classname="tests.backend_test" name="test_instruments_list" time="0.051" /><testcase classname="tests.backend_test" name="test_instrument_detail[reliance]" time="0.050" /><testcase classname="tests.backend_test" name="test_instrument_detail[ppfcf]" time="0.053" /><testcase classname="tests.backend_test" name="test_instrument_detail[hdfcbond]" time="0.053" /><testcase classname="tests.backend_test" name="test_instrument_404" time="0.052" /><testcase classname="tests.backend_test" name="test_stress_tests" time="0.058" /><testcase classname="tests.backend_test" name="test_insights[aarav]" time="0.054" /><testcase classname="tests.backend_test" name="test_insights[meera]" time="0.058" /><testcase classname="tests.backend_test" name="test_preferences_post_get" time="0.110" /><testcase classname="tests.backend_test" name="test_simulations_post_get_and_clear" time="0.214" /><testcase classname="tests.backend_test" name="test_simulations_empty_default_for_new_profile" time="0.055" /><testcase classname="tests.backend_test" name="test_og_image_returns_png" time="0.160" /><testcase classname="tests.backend_test" name="test_share_page_has_og_meta" time="0.056" /></testsuite></testsuites>